# JRE version: OpenJDK Runtime Environment Zulu16.28+11-CA (16.0+36) (build 16+36)
# Java VM: OpenJDK 64-Bit Server VM Zulu16.28+11-CA (16+36, mixed mode, tiered, compressed oops, g1 gc, bsd-aarch64)
GC Precious Log:
 CPUs: 8 total, 8 available
 Memory: 16384M
 Large Page Support: Disabled
 NUMA Support: Disabled
 Compressed Oops: Enabled (Zero based)
 Heap Region Size: 1M
 Heap Min Capacity: 512M
 Heap Initial Capacity: 512M
 Heap Max Capacity: 512M
 Pre-touch: Disabled
 Parallel Workers: 8
 Concurrent Workers: 2
 Concurrent Refinement Workers: 8
 Periodic GC: Disabled
Heap:
 garbage-first heap   total 524288K, used 236829K [0x00000007a0000000, 0x00000007c0000000)
  region size 1024K, 20 young (20480K), 7 survivors (7168K)
 Metaspace       used 65588K, committed 66752K, reserved 1114112K
  class space    used 6352K, committed 6912K, reserved 1048576K
GC Heap History (20 events):
Event: 6.050 GC heap before
{Heap before GC invocations=30 (full 0):
 garbage-first heap   total 524288K, used 264947K [0x00000007a0000000, 0x00000007c0000000)
  region size 1024K, 25 young (25600K), 3 survivors (3072K)
 Metaspace       used 65350K, committed 66688K, reserved 1114112K
  class space    used 6330K, committed 6912K, reserved 1048576K
}
Event: 6.057 GC heap after
{Heap after GC invocations=31 (full 0):
 garbage-first heap   total 524288K, used 221091K [0x00000007a0000000, 0x00000007c0000000)
  region size 1024K, 4 young (4096K), 4 survivors (4096K)
 Metaspace       used 65350K, committed 66688K, reserved 1114112K
  class space    used 6330K, committed 6912K, reserved 1048576K
}
Event: 6.376 GC heap before
{Heap before GC invocations=31 (full 0):
 garbage-first heap   total 524288K, used 341923K [0x00000007a0000000, 0x00000007c0000000)
  region size 1024K, 122 young (124928K), 4 survivors (4096K)
 Metaspace       used 65353K, committed 66688K, reserved 1114112K
  class space    used 6330K, committed 6912K, reserved 1048576K
}
Event: 6.378 GC heap after
{Heap after GC invocations=32 (full 0):
 garbage-first heap   total 524288K, used 219120K [0x00000007a0000000, 0x00000007c0000000)
  region size 1024K, 3 young (3072K), 3 survivors (3072K)
 Metaspace       used 65353K, committed 66688K, reserved 1114112K
  class space    used 6330K, committed 6912K, reserved 1048576K
}
Event: 6.620 GC heap before
{Heap before GC invocations=32 (full 0):
 garbage-first heap   total 524288K, used 355312K [0x00000007a0000000, 0x00000007c0000000)
  region size 1024K, 136 young (139264K), 3 survivors (3072K)
 Metaspace       used 65355K, committed 66688K, reserved 1114112K
  class space    used 6330K, committed 6912K, reserved 1048576K
}
Event: 6.623 GC heap after
{Heap after GC invocations=33 (full 0):
 garbage-first heap   total 524288K, used 226117K [0x00000007a0000000, 0x00000007c0000000)
  region size 1024K, 9 young (9216K), 9 survivors (9216K)
 Metaspace       used 65355K, committed 66688K, reserved 1114112K
  class space    used 6330K, committed 6912K, reserved 1048576K
}
Event: 6.782 GC heap before
{Heap before GC invocations=33 (full 0):
 garbage-first heap   total 524288K, used 370501K [0x00000007a0000000, 0x00000007c0000000)
  region size 1024K, 150 young (153600K), 9 survivors (9216K)
 Metaspace       used 65355K, committed 66688K, reserved 1114112K
  class space    used 6330K, committed 6912K, reserved 1048576K
}
Event: 6.789 GC heap after
{Heap after GC invocations=34 (full 0):
 garbage-first heap   total 524288K, used 240414K [0x00000007a0000000, 0x00000007c0000000)
  region size 1024K, 19 young (19456K), 19 survivors (19456K)
 Metaspace       used 65355K, committed 66688K, reserved 1114112K
  class space    used 6330K, committed 6912K, reserved 1048576K
}
Event: 7.029 GC heap before
{Heap before GC invocations=34 (full 0):
 garbage-first heap   total 524288K, used 383774K [0x00000007a0000000, 0x00000007c0000000)
  region size 1024K, 160 young (163840K), 19 survivors (19456K)
 Metaspace       used 65361K, committed 66688K, reserved 1114112K
  class space    used 6330K, committed 6912K, reserved 1048576K
}
Event: 7.033 GC heap after
{Heap after GC invocations=35 (full 0):
 garbage-first heap   total 524288K, used 247657K [0x00000007a0000000, 0x00000007c0000000)
  region size 1024K, 10 young (10240K), 10 survivors (10240K)
 Metaspace       used 65361K, committed 66688K, reserved 1114112K
  class space    used 6330K, committed 6912K, reserved 1048576K
}
Event: 7.385 GC heap before
{Heap before GC invocations=35 (full 0):
 garbage-first heap   total 524288K, used 396137K [0x00000007a0000000, 0x00000007c0000000)
  region size 1024K, 155 young (158720K), 10 survivors (10240K)
 Metaspace       used 65390K, committed 66688K, reserved 1114112K
  class space    used 6334K, committed 6912K, reserved 1048576K
}
Event: 7.386 GC heap after
{Heap after GC invocations=36 (full 0):
 garbage-first heap   total 524288K, used 240429K [0x00000007a0000000, 0x00000007c0000000)
  region size 1024K, 3 young (3072K), 3 survivors (3072K)
 Metaspace       used 65390K, committed 66688K, reserved 1114112K
  class space    used 6334K, committed 6912K, reserved 1048576K
}
Event: 7.674 GC heap before
{Heap before GC invocations=37 (full 0):
 garbage-first heap   total 524288K, used 384752K [0x00000007a0000000, 0x00000007c0000000)
  region size 1024K, 163 young (166912K), 3 survivors (3072K)
 Metaspace       used 65393K, committed 66688K, reserved 1114112K
  class space    used 6334K, committed 6912K, reserved 1048576K
}
Event: 7.677 GC heap after
{Heap after GC invocations=38 (full 0):
 garbage-first heap   total 524288K, used 228671K [0x00000007a0000000, 0x00000007c0000000)
  region size 1024K, 11 young (11264K), 11 survivors (11264K)
 Metaspace       used 65393K, committed 66688K, reserved 1114112K
  class space    used 6334K, committed 6912K, reserved 1048576K
}
Event: 8.156 GC heap before
{Heap before GC invocations=38 (full 0):
 garbage-first heap   total 524288K, used 408895K [0x00000007a0000000, 0x00000007c0000000)
  region size 1024K, 187 young (191488K), 11 survivors (11264K)
 Metaspace       used 65396K, committed 66688K, reserved 1114112K
  class space    used 6334K, committed 6912K, reserved 1048576K
}
Event: 8.157 GC heap after
{Heap after GC invocations=39 (full 0):
 garbage-first heap   total 524288K, used 219947K [0x00000007a0000000, 0x00000007c0000000)
  region size 1024K, 2 young (2048K), 2 survivors (2048K)
 Metaspace       used 65396K, committed 66688K, reserved 1114112K
  class space    used 6334K, committed 6912K, reserved 1048576K
}
Event: 8.583 GC heap before
{Heap before GC invocations=39 (full 0):
 garbage-first heap   total 524288K, used 417579K [0x00000007a0000000, 0x00000007c0000000)
  region size 1024K, 195 young (199680K), 2 survivors (2048K)
 Metaspace       used 65401K, committed 66688K, reserved 1114112K
  class space    used 6334K, committed 6912K, reserved 1048576K
}
Event: 8.583 GC heap after
{Heap after GC invocations=40 (full 0):
 garbage-first heap   total 524288K, used 219007K [0x00000007a0000000, 0x00000007c0000000)
  region size 1024K, 1 young (1024K), 1 survivors (1024K)
 Metaspace       used 65401K, committed 66688K, reserved 1114112K
  class space    used 6334K, committed 6912K, reserved 1048576K
}
Event: 8.951 GC heap before
{Heap before GC invocations=40 (full 0):
 garbage-first heap   total 524288K, used 426879K [0x00000007a0000000, 0x00000007c0000000)
  region size 1024K, 204 young (208896K), 1 survivors (1024K)
 Metaspace       used 65434K, committed 66688K, reserved 1114112K
  class space    used 6335K, committed 6912K, reserved 1048576K
}
Event: 8.953 GC heap after
{Heap after GC invocations=41 (full 0):
 garbage-first heap   total 524288K, used 224541K [0x00000007a0000000, 0x00000007c0000000)
  region size 1024K, 7 young (7168K), 7 survivors (7168K)
 Metaspace       used 65434K, committed 66688K, reserved 1114112K
  class space    used 6335K, committed 6912K, reserved 1048576K
}

